c:\users\user1\source\repos\reacherrpg\reacherrpg\reacherrpg\reacherrpg\x64\debug\vc141.pdb
c:\users\user1\source\repos\reacherrpg\reacherrpg\reacherrpg\reacherrpg\x64\debug\vc141.idb
c:\users\user1\source\repos\reacherrpg\reacherrpg\reacherrpg\reacherrpg\x64\debug\tileset.obj
c:\users\user1\source\repos\reacherrpg\reacherrpg\reacherrpg\reacherrpg\x64\debug\stb_image_write.obj
c:\users\user1\source\repos\reacherrpg\reacherrpg\reacherrpg\reacherrpg\x64\debug\stb_image.obj
c:\users\user1\source\repos\reacherrpg\reacherrpg\reacherrpg\reacherrpg\x64\debug\rendering.obj
c:\users\user1\source\repos\reacherrpg\reacherrpg\reacherrpg\reacherrpg\x64\debug\jsonhelper.obj
c:\users\user1\source\repos\reacherrpg\reacherrpg\reacherrpg\reacherrpg\x64\debug\input.obj
c:\users\user1\source\repos\reacherrpg\reacherrpg\reacherrpg\reacherrpg\x64\debug\gltexturehelper.obj
c:\users\user1\source\repos\reacherrpg\reacherrpg\reacherrpg\reacherrpg\x64\debug\gameobject.obj
c:\users\user1\source\repos\reacherrpg\reacherrpg\reacherrpg\reacherrpg\x64\debug\camera.obj
c:\users\user1\source\repos\reacherrpg\reacherrpg\reacherrpg\reacherrpg\x64\debug\background.obj
c:\users\user1\source\repos\reacherrpg\reacherrpg\reacherrpg\reacherrpg\x64\debug\arealoader.obj
c:\users\user1\source\repos\reacherrpg\reacherrpg\reacherrpg\reacherrpg\x64\debug\area.obj
c:\users\user1\source\repos\reacherrpg\reacherrpg\reacherrpg\reacherrpg\x64\debug\animator.obj
c:\users\user1\source\repos\reacherrpg\reacherrpg\reacherrpg\reacherrpg\x64\debug\main.obj
c:\users\user1\source\repos\reacherrpg\reacherrpg\reacherrpg\x64\debug\reacherrpg.exe
c:\users\user1\source\repos\reacherrpg\reacherrpg\reacherrpg\x64\debug\reacherrpg.ilk
c:\users\user1\source\repos\reacherrpg\reacherrpg\reacherrpg\x64\debug\reacherrpg.pdb
c:\users\user1\source\repos\reacherrpg\reacherrpg\reacherrpg\reacherrpg\x64\debug\nativecodeanalysis.read.1.tlog
c:\users\user1\source\repos\reacherrpg\reacherrpg\reacherrpg\reacherrpg\x64\debug\animator.nativecodeanalysis.xml
c:\users\user1\source\repos\reacherrpg\reacherrpg\reacherrpg\reacherrpg\x64\debug\area.nativecodeanalysis.xml
c:\users\user1\source\repos\reacherrpg\reacherrpg\reacherrpg\reacherrpg\x64\debug\arealoader.nativecodeanalysis.xml
c:\users\user1\source\repos\reacherrpg\reacherrpg\reacherrpg\reacherrpg\x64\debug\background.nativecodeanalysis.xml
c:\users\user1\source\repos\reacherrpg\reacherrpg\reacherrpg\reacherrpg\x64\debug\camera.nativecodeanalysis.xml
c:\users\user1\source\repos\reacherrpg\reacherrpg\reacherrpg\reacherrpg\x64\debug\gameobject.nativecodeanalysis.xml
c:\users\user1\source\repos\reacherrpg\reacherrpg\reacherrpg\reacherrpg\x64\debug\gltexturehelper.nativecodeanalysis.xml
c:\users\user1\source\repos\reacherrpg\reacherrpg\reacherrpg\reacherrpg\x64\debug\input.nativecodeanalysis.xml
c:\users\user1\source\repos\reacherrpg\reacherrpg\reacherrpg\reacherrpg\x64\debug\jsonhelper.nativecodeanalysis.xml
c:\users\user1\source\repos\reacherrpg\reacherrpg\reacherrpg\reacherrpg\x64\debug\main.nativecodeanalysis.xml
c:\users\user1\source\repos\reacherrpg\reacherrpg\reacherrpg\reacherrpg\x64\debug\rendering.nativecodeanalysis.xml
c:\users\user1\source\repos\reacherrpg\reacherrpg\reacherrpg\reacherrpg\x64\debug\stb_image.nativecodeanalysis.xml
c:\users\user1\source\repos\reacherrpg\reacherrpg\reacherrpg\reacherrpg\x64\debug\stb_image_write.nativecodeanalysis.xml
c:\users\user1\source\repos\reacherrpg\reacherrpg\reacherrpg\reacherrpg\x64\debug\tileset.nativecodeanalysis.xml
c:\users\user1\source\repos\reacherrpg\reacherrpg\reacherrpg\reacherrpg\x64\debug\vc.nativecodeanalysis.all.xml
c:\users\user1\source\repos\reacherrpg\reacherrpg\reacherrpg\reacherrpg\x64\debug\reacherrpg.tlog\cl.command.1.tlog
c:\users\user1\source\repos\reacherrpg\reacherrpg\reacherrpg\reacherrpg\x64\debug\reacherrpg.tlog\cl.read.1.tlog
c:\users\user1\source\repos\reacherrpg\reacherrpg\reacherrpg\reacherrpg\x64\debug\reacherrpg.tlog\cl.write.1.tlog
c:\users\user1\source\repos\reacherrpg\reacherrpg\reacherrpg\reacherrpg\x64\debug\reacherrpg.tlog\link.command.1.tlog
c:\users\user1\source\repos\reacherrpg\reacherrpg\reacherrpg\reacherrpg\x64\debug\reacherrpg.tlog\link.read.1.tlog
c:\users\user1\source\repos\reacherrpg\reacherrpg\reacherrpg\reacherrpg\x64\debug\reacherrpg.tlog\link.write.1.tlog
