  Area.cpp
c:\users\user1\source\repos\reacherrpg\reacherrpg\reacherrpg\reacherrpg\shader.h(58): warning C4101: 'e': unreferenced local variable
c:\users\user1\source\repos\reacherrpg\reacherrpg\reacherrpg\reacherrpg\area.cpp(139): warning C4101: 'bottom1': unreferenced local variable
c:\users\user1\source\repos\reacherrpg\reacherrpg\reacherrpg\reacherrpg\area.cpp(139): warning C4101: 'right1': unreferenced local variable
c:\users\user1\source\repos\reacherrpg\reacherrpg\reacherrpg\reacherrpg\area.cpp(143): warning C4101: 'right2': unreferenced local variable
c:\users\user1\source\repos\reacherrpg\reacherrpg\reacherrpg\reacherrpg\area.cpp(143): warning C4101: 'bottom2': unreferenced local variable
c:\users\user1\source\repos\reacherrpg\reacherrpg\reacherrpg\reacherrpg\area.cpp(170): warning C4101: 'bottom1': unreferenced local variable
c:\users\user1\source\repos\reacherrpg\reacherrpg\reacherrpg\reacherrpg\area.cpp(170): warning C4101: 'right1': unreferenced local variable
c:\users\user1\source\repos\reacherrpg\reacherrpg\reacherrpg\reacherrpg\area.cpp(177): warning C4101: 'right2': unreferenced local variable
c:\users\user1\source\repos\reacherrpg\reacherrpg\reacherrpg\reacherrpg\area.cpp(177): warning C4101: 'bottom2': unreferenced local variable
  AreaLoader.cpp
c:\users\user1\source\repos\reacherrpg\reacherrpg\reacherrpg\reacherrpg\shader.h(58): warning C4101: 'e': unreferenced local variable
c:\users\user1\source\repos\reacherrpg\reacherrpg\reacherrpg\reacherrpg\arealoader.cpp(173): warning C4018: '<': signed/unsigned mismatch
c:\users\user1\source\repos\reacherrpg\reacherrpg\reacherrpg\reacherrpg\arealoader.cpp(191): warning C4018: '<': signed/unsigned mismatch
  Game.cpp
c:\users\user1\source\repos\reacherrpg\reacherrpg\reacherrpg\reacherrpg\shader.h(58): warning C4101: 'e': unreferenced local variable
  GameObject.cpp
c:\users\user1\source\repos\reacherrpg\reacherrpg\reacherrpg\reacherrpg\shader.h(58): warning C4101: 'e': unreferenced local variable
c:\users\user1\source\repos\reacherrpg\reacherrpg\reacherrpg\reacherrpg\gameobject.cpp(181): warning C4244: 'initializing': conversion from 'lua_Number' to 'float', possible loss of data
c:\users\user1\source\repos\reacherrpg\reacherrpg\reacherrpg\reacherrpg\gameobject.cpp(182): warning C4244: 'initializing': conversion from 'lua_Number' to 'float', possible loss of data
c:\users\user1\source\repos\reacherrpg\reacherrpg\reacherrpg\reacherrpg\gameobject.cpp(217): warning C4244: 'initializing': conversion from 'lua_Number' to 'float', possible loss of data
c:\users\user1\source\repos\reacherrpg\reacherrpg\reacherrpg\reacherrpg\gameobject.cpp(230): warning C4244: 'initializing': conversion from 'lua_Integer' to 'int', possible loss of data
c:\users\user1\source\repos\reacherrpg\reacherrpg\reacherrpg\reacherrpg\gameobject.cpp(234): warning C4267: 'argument': conversion from 'size_t' to 'int', possible loss of data
c:\users\user1\source\repos\reacherrpg\reacherrpg\reacherrpg\reacherrpg\gameobject.cpp(241): warning C4244: 'initializing': conversion from 'lua_Number' to 'float', possible loss of data
c:\users\user1\source\repos\reacherrpg\reacherrpg\reacherrpg\reacherrpg\gameobject.cpp(242): warning C4244: 'initializing': conversion from 'lua_Number' to 'float', possible loss of data
c:\users\user1\source\repos\reacherrpg\reacherrpg\reacherrpg\reacherrpg\gameobject.cpp(264): warning C4244: 'initializing': conversion from 'lua_Number' to 'float', possible loss of data
c:\users\user1\source\repos\reacherrpg\reacherrpg\reacherrpg\reacherrpg\gameobject.cpp(265): warning C4244: 'initializing': conversion from 'lua_Number' to 'float', possible loss of data
c:\users\user1\source\repos\reacherrpg\reacherrpg\reacherrpg\reacherrpg\gameobject.cpp(296): warning C4244: 'initializing': conversion from 'lua_Number' to 'float', possible loss of data
c:\users\user1\source\repos\reacherrpg\reacherrpg\reacherrpg\reacherrpg\gameobject.cpp(297): warning C4244: 'initializing': conversion from 'lua_Number' to 'float', possible loss of data
  Generating Code...
  Main.cpp
c:\users\user1\source\repos\reacherrpg\reacherrpg\reacherrpg\reacherrpg\shader.h(58): warning C4101: 'e': unreferenced local variable
c:\users\user1\source\repos\reacherrpg\reacherrpg\reacherrpg\reacherrpg\main.cpp(48): warning C4244: 'argument': conversion from 'double' to 'float', possible loss of data
  ReacherRPG.vcxproj -> C:\Users\User1\source\repos\ReacherRPG\ReacherRPG\ReacherRPG\x64\Debug\ReacherRPG.exe
